<?xml version="1.0" encoding="UTF-8"?>
<coverage generated="1700163452282" clover="3.2.0">
  <project timestamp="1700163452283" name="All files">
    <metrics statements="36" coveredstatements="21" conditionals="15" coveredconditionals="3" methods="4" coveredmethods="4" elements="55" coveredelements="28" complexity="0" loc="36" ncloc="36" packages="1" files="1" classes="1"/>
    <file name="Login.tsx" path="C:\Users\Viloria Pedraza\Desktop\LABORATORIA\PROYECTO-6\DEV010-burger-queen-api-client\src\components\Login\Login.tsx">
      <metrics statements="36" coveredstatements="21" conditionals="15" coveredconditionals="3" methods="4" coveredmethods="4"/>
      <line num="1" count="1" type="stmt"/>
      <line num="2" count="1" type="stmt"/>
      <line num="3" count="1" type="stmt"/>
      <line num="5" count="1" type="stmt"/>
      <line num="8" count="1" type="stmt"/>
      <line num="9" count="6" type="stmt"/>
      <line num="10" count="6" type="stmt"/>
      <line num="11" count="6" type="stmt"/>
      <line num="12" count="6" type="stmt"/>
      <line num="13" count="6" type="stmt"/>
      <line num="17" count="2" type="stmt"/>
      <line num="18" count="2" type="stmt"/>
      <line num="19" count="2" type="stmt"/>
      <line num="20" count="2" type="cond" truecount="1" falsecount="1"/>
      <line num="21" count="2" type="stmt"/>
      <line num="22" count="2" type="cond" truecount="1" falsecount="1"/>
      <line num="23" count="2" type="stmt"/>
      <line num="24" count="0" type="cond" truecount="0" falsecount="1"/>
      <line num="25" count="0" type="stmt"/>
      <line num="29" count="0" type="stmt"/>
      <line num="30" count="0" type="stmt"/>
      <line num="31" count="0" type="cond" truecount="0" falsecount="2"/>
      <line num="32" count="0" type="stmt"/>
      <line num="33" count="0" type="cond" truecount="0" falsecount="2"/>
      <line num="34" count="0" type="stmt"/>
      <line num="36" count="0" type="cond" truecount="0" falsecount="2"/>
      <line num="37" count="0" type="stmt"/>
      <line num="39" count="0" type="cond" truecount="0" falsecount="2"/>
      <line num="40" count="0" type="stmt"/>
      <line num="43" count="0" type="stmt"/>
      <line num="46" count="0" type="stmt"/>
      <line num="47" count="0" type="stmt"/>
      <line num="51" count="6" type="stmt"/>
      <line num="57" count="2" type="stmt"/>
      <line num="59" count="2" type="stmt"/>
      <line num="77" count="1" type="stmt"/>
    </file>
  </project>
</coverage>
