{"C:\\Users\\nicol\\Desktop\\trabajo\\burger\\DEV010-burger-queen-api-client\\src\\components\\Login\\Login.tsx": {"path":"C:\\Users\\nicol\\Desktop\\trabajo\\burger\\DEV010-burger-queen-api-client\\src\\components\\Login\\Login.tsx","statementMap":{"0":{"start":{"line":1,"column":0},"end":{"line":1,"column":54}},"1":{"start":{"line":2,"column":0},"end":{"line":2,"column":33}},"2":{"start":{"line":3,"column":0},"end":{"line":3,"column":46}},"3":{"start":{"line":5,"column":0},"end":{"line":5,"column":47}},"4":{"start":{"line":8,"column":14},"end":{"line":73,"column":1}},"5":{"start":{"line":9,"column":30},"end":{"line":9,"column":50}},"6":{"start":{"line":10,"column":36},"end":{"line":10,"column":56}},"7":{"start":{"line":11,"column":30},"end":{"line":11,"column":54}},"8":{"start":{"line":12,"column":44},"end":{"line":12,"column":64}},"9":{"start":{"line":13,"column":21},"end":{"line":13,"column":34}},"10":{"start":{"line":17,"column":8},"end":{"line":17,"column":27}},"11":{"start":{"line":18,"column":32},"end":{"line":18,"column":59}},"12":{"start":{"line":19,"column":8},"end":{"line":19,"column":null}},"13":{"start":{"line":20,"column":8},"end":{"line":47,"column":null}},"14":{"start":{"line":21,"column":12},"end":{"line":21,"column":64}},"15":{"start":{"line":22,"column":12},"end":{"line":26,"column":null}},"16":{"start":{"line":23,"column":16},"end":{"line":23,"column":45}},"17":{"start":{"line":24,"column":19},"end":{"line":26,"column":null}},"18":{"start":{"line":25,"column":16},"end":{"line":25,"column":41}},"19":{"start":{"line":29,"column":12},"end":{"line":29,"column":34}},"20":{"start":{"line":30,"column":12},"end":{"line":30,"column":27}},"21":{"start":{"line":31,"column":12},"end":{"line":44,"column":null}},"22":{"start":{"line":32,"column":16},"end":{"line":32,"column":62}},"23":{"start":{"line":33,"column":19},"end":{"line":44,"column":null}},"24":{"start":{"line":34,"column":16},"end":{"line":34,"column":57}},"25":{"start":{"line":36,"column":17},"end":{"line":44,"column":null}},"26":{"start":{"line":37,"column":16},"end":{"line":37,"column":57}},"27":{"start":{"line":39,"column":17},"end":{"line":44,"column":null}},"28":{"start":{"line":40,"column":16},"end":{"line":40,"column":63}},"29":{"start":{"line":43,"column":16},"end":{"line":43,"column":98}},"30":{"start":{"line":45,"column":12},"end":{"line":45,"column":null}},"31":{"start":{"line":46,"column":12},"end":{"line":46,"column":null}},"32":{"start":{"line":50,"column":4},"end":{"line":71,"column":null}},"33":{"start":{"line":56,"column":81},"end":{"line":56,"column":109}},"34":{"start":{"line":58,"column":89},"end":{"line":58,"column":120}},"35":{"start":{"line":75,"column":0},"end":{"line":75,"column":21}}},"fnMap":{"0":{"name":"(anonymous_1)","decl":{"start":{"line":8,"column":14},"end":{"line":8,"column":17}},"loc":{"start":{"line":8,"column":19},"end":{"line":73,"column":1}}},"1":{"name":"userAuth","decl":{"start":{"line":16,"column":19},"end":{"line":16,"column":27}},"loc":{"start":{"line":16,"column":62},"end":{"line":48,"column":5}}},"2":{"name":"(anonymous_3)","decl":{"start":{"line":56,"column":70},"end":{"line":56,"column":71}},"loc":{"start":{"line":56,"column":81},"end":{"line":56,"column":109}}},"3":{"name":"(anonymous_4)","decl":{"start":{"line":58,"column":78},"end":{"line":58,"column":79}},"loc":{"start":{"line":58,"column":89},"end":{"line":58,"column":120}}}},"branchMap":{"0":{"loc":{"start":{"line":20,"column":8},"end":{"line":47,"column":null}},"type":"if","locations":[{"start":{"line":20,"column":8},"end":{"line":47,"column":null}},{"start":{"line":27,"column":15},"end":{"line":47,"column":null}}]},"1":{"loc":{"start":{"line":22,"column":12},"end":{"line":26,"column":null}},"type":"if","locations":[{"start":{"line":22,"column":12},"end":{"line":26,"column":null}},{"start":{"line":24,"column":19},"end":{"line":26,"column":null}}]},"2":{"loc":{"start":{"line":24,"column":19},"end":{"line":26,"column":null}},"type":"if","locations":[{"start":{"line":24,"column":19},"end":{"line":26,"column":null}}]},"3":{"loc":{"start":{"line":31,"column":12},"end":{"line":44,"column":null}},"type":"if","locations":[{"start":{"line":31,"column":12},"end":{"line":44,"column":null}},{"start":{"line":33,"column":19},"end":{"line":44,"column":null}}]},"4":{"loc":{"start":{"line":33,"column":19},"end":{"line":44,"column":null}},"type":"if","locations":[{"start":{"line":33,"column":19},"end":{"line":44,"column":null}},{"start":{"line":36,"column":17},"end":{"line":44,"column":null}}]},"5":{"loc":{"start":{"line":36,"column":17},"end":{"line":44,"column":null}},"type":"if","locations":[{"start":{"line":36,"column":17},"end":{"line":44,"column":null}},{"start":{"line":39,"column":17},"end":{"line":44,"column":null}}]},"6":{"loc":{"start":{"line":39,"column":17},"end":{"line":44,"column":null}},"type":"if","locations":[{"start":{"line":39,"column":17},"end":{"line":44,"column":null}},{"start":{"line":42,"column":17},"end":{"line":44,"column":null}}]},"7":{"loc":{"start":{"line":61,"column":21},"end":{"line":61,"column":72}},"type":"binary-expr","locations":[{"start":{"line":61,"column":21},"end":{"line":61,"column":26}},{"start":{"line":61,"column":30},"end":{"line":61,"column":72}}]}},"s":{"0":1,"1":1,"2":1,"3":1,"4":1,"5":21,"6":21,"7":21,"8":21,"9":21,"10":6,"11":6,"12":6,"13":6,"14":1,"15":1,"16":1,"17":0,"18":0,"19":5,"20":5,"21":5,"22":1,"23":4,"24":1,"25":3,"26":1,"27":2,"28":1,"29":1,"30":5,"31":5,"32":21,"33":5,"34":5,"35":1},"f":{"0":21,"1":6,"2":5,"3":5},"b":{"0":[1,5],"1":[1,0],"2":[0],"3":[1,4],"4":[1,3],"5":[1,2],"6":[1,1],"7":[21,5]}}
}
