{"C:\\Users\\nicol\\Desktop\\trabajo\\burger\\DEV010-burger-queen-api-client\\src\\components\\Login\\Login.tsx": {"path":"C:\\Users\\nicol\\Desktop\\trabajo\\burger\\DEV010-burger-queen-api-client\\src\\components\\Login\\Login.tsx","statementMap":{"0":{"start":{"line":1,"column":0},"end":{"line":1,"column":54}},"1":{"start":{"line":2,"column":0},"end":{"line":2,"column":33}},"2":{"start":{"line":3,"column":0},"end":{"line":3,"column":46}},"3":{"start":{"line":5,"column":0},"end":{"line":5,"column":47}},"4":{"start":{"line":8,"column":14},"end":{"line":74,"column":1}},"5":{"start":{"line":9,"column":30},"end":{"line":9,"column":50}},"6":{"start":{"line":10,"column":36},"end":{"line":10,"column":56}},"7":{"start":{"line":11,"column":30},"end":{"line":11,"column":54}},"8":{"start":{"line":12,"column":44},"end":{"line":12,"column":64}},"9":{"start":{"line":13,"column":21},"end":{"line":13,"column":34}},"10":{"start":{"line":16,"column":0},"end":{"line":72,"column":null}},"11":{"start":{"line":22,"column":77},"end":{"line":22,"column":105}},"12":{"start":{"line":24,"column":85},"end":{"line":24,"column":116}},"13":{"start":{"line":30,"column":20},"end":{"line":30,"column":39}},"14":{"start":{"line":31,"column":44},"end":{"line":31,"column":71}},"15":{"start":{"line":32,"column":20},"end":{"line":32,"column":null}},"16":{"start":{"line":33,"column":20},"end":{"line":61,"column":null}},"17":{"start":{"line":34,"column":24},"end":{"line":34,"column":76}},"18":{"start":{"line":35,"column":24},"end":{"line":39,"column":null}},"19":{"start":{"line":36,"column":28},"end":{"line":36,"column":57}},"20":{"start":{"line":37,"column":31},"end":{"line":39,"column":null}},"21":{"start":{"line":38,"column":28},"end":{"line":38,"column":53}},"22":{"start":{"line":42,"column":24},"end":{"line":42,"column":46}},"23":{"start":{"line":43,"column":24},"end":{"line":43,"column":39}},"24":{"start":{"line":44,"column":24},"end":{"line":57,"column":null}},"25":{"start":{"line":45,"column":26},"end":{"line":45,"column":72}},"26":{"start":{"line":46,"column":29},"end":{"line":57,"column":null}},"27":{"start":{"line":47,"column":24},"end":{"line":47,"column":65}},"28":{"start":{"line":49,"column":27},"end":{"line":57,"column":null}},"29":{"start":{"line":50,"column":24},"end":{"line":50,"column":65}},"30":{"start":{"line":52,"column":27},"end":{"line":57,"column":null}},"31":{"start":{"line":53,"column":24},"end":{"line":53,"column":71}},"32":{"start":{"line":56,"column":26},"end":{"line":56,"column":108}},"33":{"start":{"line":59,"column":24},"end":{"line":59,"column":null}},"34":{"start":{"line":60,"column":24},"end":{"line":60,"column":null}},"35":{"start":{"line":76,"column":0},"end":{"line":76,"column":21}}},"fnMap":{"0":{"name":"(anonymous_1)","decl":{"start":{"line":8,"column":14},"end":{"line":8,"column":17}},"loc":{"start":{"line":8,"column":19},"end":{"line":74,"column":1}}},"1":{"name":"(anonymous_2)","decl":{"start":{"line":22,"column":66},"end":{"line":22,"column":67}},"loc":{"start":{"line":22,"column":77},"end":{"line":22,"column":105}}},"2":{"name":"(anonymous_3)","decl":{"start":{"line":24,"column":74},"end":{"line":24,"column":75}},"loc":{"start":{"line":24,"column":85},"end":{"line":24,"column":116}}},"3":{"name":"(anonymous_4)","decl":{"start":{"line":29,"column":58},"end":{"line":29,"column":63}},"loc":{"start":{"line":29,"column":70},"end":{"line":63,"column":17}}}},"branchMap":{"0":{"loc":{"start":{"line":28,"column":1},"end":{"line":28,"column":52}},"type":"binary-expr","locations":[{"start":{"line":28,"column":1},"end":{"line":28,"column":6}},{"start":{"line":28,"column":10},"end":{"line":28,"column":52}}]},"1":{"loc":{"start":{"line":33,"column":20},"end":{"line":61,"column":null}},"type":"if","locations":[{"start":{"line":33,"column":20},"end":{"line":61,"column":null}},{"start":{"line":40,"column":27},"end":{"line":61,"column":null}}]},"2":{"loc":{"start":{"line":35,"column":24},"end":{"line":39,"column":null}},"type":"if","locations":[{"start":{"line":35,"column":24},"end":{"line":39,"column":null}},{"start":{"line":37,"column":31},"end":{"line":39,"column":null}}]},"3":{"loc":{"start":{"line":37,"column":31},"end":{"line":39,"column":null}},"type":"if","locations":[{"start":{"line":37,"column":31},"end":{"line":39,"column":null}}]},"4":{"loc":{"start":{"line":44,"column":24},"end":{"line":57,"column":null}},"type":"if","locations":[{"start":{"line":44,"column":24},"end":{"line":57,"column":null}},{"start":{"line":46,"column":29},"end":{"line":57,"column":null}}]},"5":{"loc":{"start":{"line":46,"column":29},"end":{"line":57,"column":null}},"type":"if","locations":[{"start":{"line":46,"column":29},"end":{"line":57,"column":null}},{"start":{"line":49,"column":27},"end":{"line":57,"column":null}}]},"6":{"loc":{"start":{"line":49,"column":27},"end":{"line":57,"column":null}},"type":"if","locations":[{"start":{"line":49,"column":27},"end":{"line":57,"column":null}},{"start":{"line":52,"column":27},"end":{"line":57,"column":null}}]},"7":{"loc":{"start":{"line":52,"column":27},"end":{"line":57,"column":null}},"type":"if","locations":[{"start":{"line":52,"column":27},"end":{"line":57,"column":null}},{"start":{"line":55,"column":27},"end":{"line":57,"column":null}}]}},"s":{"0":1,"1":1,"2":1,"3":1,"4":1,"5":1,"6":1,"7":1,"8":1,"9":1,"10":1,"11":0,"12":0,"13":1,"14":1,"15":0,"16":0,"17":0,"18":0,"19":0,"20":0,"21":0,"22":0,"23":0,"24":0,"25":0,"26":0,"27":0,"28":0,"29":0,"30":0,"31":0,"32":0,"33":0,"34":0,"35":1},"f":{"0":1,"1":0,"2":0,"3":1},"b":{"0":[1,0],"1":[0,0],"2":[0,0],"3":[0],"4":[0,0],"5":[0,0],"6":[0,0],"7":[0,0]}}
,"C:\\Users\\nicol\\Desktop\\trabajo\\burger\\DEV010-burger-queen-api-client\\src\\services\\request.ts": {"path":"C:\\Users\\nicol\\Desktop\\trabajo\\burger\\DEV010-burger-queen-api-client\\src\\services\\request.ts","statementMap":{"0":{"start":{"line":5,"column":20},"end":{"line":37,"column":1}},"1":{"start":{"line":6,"column":21},"end":{"line":16,"column":6}},"2":{"start":{"line":18,"column":4},"end":{"line":36,"column":null}},"3":{"start":{"line":19,"column":8},"end":{"line":19,"column":17}},"4":{"start":{"line":29,"column":28},"end":{"line":29,"column":49}},"5":{"start":{"line":30,"column":8},"end":{"line":30,"column":20}},"6":{"start":{"line":32,"column":26},"end":{"line":32,"column":47}},"7":{"start":{"line":34,"column":8},"end":{"line":34,"column":65}},"8":{"start":{"line":35,"column":8},"end":{"line":35,"column":20}},"9":{"start":{"line":5,"column":13},"end":{"line":5,"column":20}}},"fnMap":{"0":{"name":"(anonymous_0)","decl":{"start":{"line":5,"column":20},"end":{"line":5,"column":25}},"loc":{"start":{"line":5,"column":78},"end":{"line":37,"column":1}}}},"branchMap":{},"s":{"0":1,"1":1,"2":0,"3":0,"4":0,"5":0,"6":0,"7":0,"8":0,"9":1},"f":{"0":1},"b":{}}
}
