TN:
SF:src\components\Waiter\NewOrder.tsx
FN:12,(anonymous_1)
FN:20,(anonymous_2)
FN:25,(anonymous_3)
FN:26,(anonymous_4)
FN:27,(anonymous_5)
FN:50,(anonymous_6)
FN:58,(anonymous_7)
FN:59,(anonymous_8)
FN:60,(anonymous_9)
FN:97,(anonymous_10)
FN:113,(anonymous_11)
FN:140,(anonymous_12)
FN:157,(anonymous_13)
FN:173,(anonymous_14)
FN:183,(anonymous_15)
FN:185,(anonymous_16)
FNF:16
FNH:3
FNDA:3,(anonymous_1)
FNDA:1,(anonymous_2)
FNDA:0,(anonymous_3)
FNDA:0,(anonymous_4)
FNDA:0,(anonymous_5)
FNDA:3,(anonymous_6)
FNDA:0,(anonymous_7)
FNDA:0,(anonymous_8)
FNDA:0,(anonymous_9)
FNDA:0,(anonymous_10)
FNDA:0,(anonymous_11)
FNDA:0,(anonymous_12)
FNDA:0,(anonymous_13)
FNDA:0,(anonymous_14)
FNDA:0,(anonymous_15)
FNDA:0,(anonymous_16)
DA:1,1
DA:2,1
DA:3,1
DA:4,1
DA:5,1
DA:6,1
DA:7,1
DA:9,1
DA:12,1
DA:13,3
DA:14,3
DA:15,3
DA:16,3
DA:18,3
DA:20,3
DA:21,1
DA:22,1
DA:25,3
DA:26,0
DA:27,0
DA:28,0
DA:29,0
DA:30,0
DA:31,0
DA:32,0
DA:34,0
DA:36,0
DA:44,0
DA:47,0
DA:50,3
DA:52,3
DA:53,3
DA:54,0
DA:58,3
DA:59,0
DA:60,0
DA:62,0
DA:63,0
DA:64,0
DA:66,0
DA:71,0
DA:73,0
DA:89,3
DA:90,3
DA:97,3
DA:98,0
DA:100,0
DA:101,0
DA:102,0
DA:104,0
DA:105,0
DA:106,0
DA:108,0
DA:109,0
DA:110,0
DA:113,0
DA:114,0
DA:116,0
DA:120,3
DA:140,0
DA:157,0
DA:174,0
DA:183,0
DA:185,0
DA:199,1
LF:65
LH:27
BRDA:28,0,0,0
BRDA:31,1,0,0
BRDA:32,2,0,0
BRDA:32,2,1,0
BRDA:53,3,0,0
BRDA:62,4,0,0
BRDA:62,4,1,0
BRDA:100,5,0,0
BRDA:104,6,0,0
BRDA:108,7,0,0
BRDA:180,8,0,3
BRDA:180,8,1,0
BRDA:183,9,0,0
BRDA:183,9,1,0
BRDA:185,10,0,0
BRDA:185,10,1,0
BRF:16
BRH:1
end_of_record
TN:
SF:src\components\Waiter\ProductList.tsx
FN:10,(anonymous_1)
FN:16,(anonymous_2)
FN:22,(anonymous_3)
FN:23,(anonymous_4)
FN:53,(anonymous_5)
FN:61,(anonymous_6)
FN:68,(anonymous_7)
FN:73,(anonymous_8)
FN:84,(anonymous_9)
FN:87,(anonymous_10)
FNF:10
FNH:5
FNDA:3,(anonymous_1)
FNDA:1,(anonymous_2)
FNDA:3,(anonymous_3)
FNDA:3,(anonymous_4)
FNDA:1,(anonymous_5)
FNDA:0,(anonymous_6)
FNDA:0,(anonymous_7)
FNDA:0,(anonymous_8)
FNDA:0,(anonymous_9)
FNDA:0,(anonymous_10)
DA:1,1
DA:3,1
DA:5,1
DA:6,1
DA:10,1
DA:12,3
DA:13,3
DA:14,3
DA:16,3
DA:17,1
DA:22,3
DA:23,3
DA:24,3
DA:25,3
DA:26,0
DA:27,0
DA:29,0
DA:30,0
DA:31,0
DA:33,0
DA:37,0
DA:41,3
DA:44,3
DA:53,1
DA:61,0
DA:69,0
DA:74,0
DA:84,0
DA:87,0
DA:100,1
LF:30
LH:18
BRDA:25,0,0,0
BRDA:29,1,0,0
BRDA:29,1,1,0
BRDA:49,2,0,3
BRDA:49,2,1,0
BRDA:58,3,0,0
BRDA:58,3,1,3
BRDA:69,4,0,0
BRDA:69,4,1,0
BRF:9
BRH:2
end_of_record
