TN:
SF:src/components/Header/Header.tsx
FN:7,(anonymous_1)
FN:9,(anonymous_2)
FN:18,(anonymous_3)
FNF:3
FNH:2
FNDA:3,(anonymous_1)
FNDA:1,(anonymous_2)
FNDA:0,(anonymous_3)
DA:1,1
DA:2,1
DA:3,1
DA:4,1
DA:5,1
DA:7,1
DA:8,3
DA:9,3
DA:11,1
DA:12,1
DA:13,0
DA:17,3
DA:18,3
DA:19,0
DA:20,0
DA:22,3
DA:42,1
LF:17
LH:14
BRDA:12,0,0,0
BRF:1
BRH:0
end_of_record
TN:
SF:src/components/Waiter/NewOrder.tsx
FN:9,(anonymous_1)
FN:17,(anonymous_2)
FN:19,(anonymous_3)
FN:22,(anonymous_4)
FN:49,(anonymous_5)
FN:50,(anonymous_6)
FN:52,(anonymous_7)
FN:95,(anonymous_8)
FN:111,(anonymous_9)
FN:134,(anonymous_10)
FN:153,(anonymous_11)
FN:173,(anonymous_12)
FN:188,(anonymous_13)
FN:197,(anonymous_14)
FNF:14
FNH:3
FNDA:3,(anonymous_1)
FNDA:0,(anonymous_2)
FNDA:0,(anonymous_3)
FNDA:0,(anonymous_4)
FNDA:0,(anonymous_5)
FNDA:0,(anonymous_6)
FNDA:0,(anonymous_7)
FNDA:0,(anonymous_8)
FNDA:0,(anonymous_9)
FNDA:1,(anonymous_10)
FNDA:1,(anonymous_11)
FNDA:0,(anonymous_12)
FNDA:0,(anonymous_13)
FNDA:0,(anonymous_14)
DA:1,1
DA:2,1
DA:3,1
DA:4,1
DA:6,1
DA:7,1
DA:9,1
DA:11,3
DA:13,3
DA:15,3
DA:17,3
DA:19,0
DA:21,0
DA:22,0
DA:25,0
DA:26,0
DA:28,0
DA:29,0
DA:30,0
DA:31,0
DA:34,0
DA:42,0
DA:45,0
DA:49,3
DA:50,0
DA:51,0
DA:52,0
DA:54,0
DA:55,0
DA:57,0
DA:59,0
DA:64,0
DA:66,0
DA:83,3
DA:84,3
DA:88,3
DA:95,3
DA:96,0
DA:98,0
DA:99,0
DA:100,0
DA:102,0
DA:103,0
DA:104,0
DA:106,0
DA:107,0
DA:108,0
DA:111,0
DA:112,0
DA:115,0
DA:116,0
DA:117,0
DA:119,3
DA:134,1
DA:153,1
DA:174,0
DA:188,0
DA:197,0
DA:217,1
LF:59
LH:20
BRDA:25,0,0,0
BRDA:29,1,0,0
BRDA:30,2,0,0
BRDA:30,2,1,0
BRDA:54,3,0,0
BRDA:54,3,1,0
BRDA:98,4,0,0
BRDA:102,5,0,0
BRDA:106,6,0,0
BRDA:180,7,0,3
BRDA:180,7,1,0
BRDA:185,8,0,0
BRDA:185,8,1,0
BRDA:194,9,0,0
BRDA:194,9,1,0
BRF:15
BRH:1
end_of_record
TN:
SF:src/components/Waiter/ProductList.tsx
FN:8,(anonymous_1)
FN:20,(anonymous_2)
FN:24,(anonymous_3)
FN:26,(anonymous_4)
FN:53,(anonymous_5)
FN:63,(anonymous_6)
FN:71,(anonymous_7)
FN:77,(anonymous_8)
FN:90,(anonymous_9)
FN:98,(anonymous_10)
FNF:10
FNH:3
FNDA:3,(anonymous_1)
FNDA:0,(anonymous_2)
FNDA:1,(anonymous_3)
FNDA:1,(anonymous_4)
FNDA:0,(anonymous_5)
FNDA:0,(anonymous_6)
FNDA:0,(anonymous_7)
FNDA:0,(anonymous_8)
FNDA:0,(anonymous_9)
FNDA:0,(anonymous_10)
DA:1,1
DA:3,1
DA:4,1
DA:5,1
DA:8,1
DA:15,3
DA:16,3
DA:17,3
DA:20,3
DA:21,0
DA:24,3
DA:26,1
DA:27,1
DA:28,1
DA:29,1
DA:31,1
DA:33,1
DA:35,0
DA:40,1
DA:44,3
DA:53,0
DA:63,0
DA:72,0
DA:79,0
DA:90,0
DA:98,0
DA:112,1
LF:27
LH:19
BRDA:27,0,0,1
BRDA:29,1,0,1
BRDA:29,1,1,0
BRDA:49,2,0,3
BRDA:49,2,1,0
BRDA:59,3,0,0
BRDA:59,3,1,3
BRDA:72,4,0,0
BRDA:72,4,1,0
BRF:9
BRH:4
end_of_record
